c:\users\minyo\desktop\digipen_arc\gam200\gam200_jslc\gam200_jslc\x64\debug\vc143.pdb
c:\users\minyo\desktop\digipen_arc\gam200\gam200_jslc\gam200_jslc\x64\debug\vc143.idb
c:\users\minyo\desktop\digipen_arc\gam200\gam200_jslc\gam200_jslc\x64\debug\shader.obj
c:\users\minyo\desktop\digipen_arc\gam200\gam200_jslc\gam200_jslc\x64\debug\player.obj
c:\users\minyo\desktop\digipen_arc\gam200\gam200_jslc\gam200_jslc\x64\debug\logger.obj
c:\users\minyo\desktop\digipen_arc\gam200\gam200_jslc\gam200_jslc\x64\debug\renderingapi.obj
c:\users\minyo\desktop\digipen_arc\gam200\gam200_jslc\gam200_jslc\x64\debug\main.obj
c:\users\minyo\desktop\digipen_arc\gam200\gam200_jslc\gam200_jslc\x64\debug\matrix.obj
c:\users\minyo\desktop\digipen_arc\gam200\gam200_jslc\gam200_jslc\x64\debug\vec2.obj
c:\users\minyo\desktop\digipen_arc\gam200\gam200_jslc\gam200_jslc\x64\debug\window.obj
c:\users\minyo\desktop\digipen_arc\gam200\gam200_jslc\gam200_jslc\x64\debug\engine.obj
c:\users\minyo\desktop\digipen_arc\gam200\gam200_jslc\x64\debug\glew32d.dll
c:\users\minyo\desktop\digipen_arc\gam200\gam200_jslc\x64\debug\glfw3.dll
c:\users\minyo\desktop\digipen_arc\gam200\gam200_jslc\x64\debug\sdl2d.dll
c:\users\minyo\desktop\digipen_arc\gam200\gam200_jslc\x64\debug\gam200_jslc.exe
c:\users\minyo\desktop\digipen_arc\gam200\gam200_jslc\x64\debug\gam200_jslc.pdb
c:\users\minyo\desktop\digipen_arc\gam200\gam200_jslc\gam200_jslc\x64\debug\gam200_jslc.ilk
c:\users\minyo\desktop\digipen_arc\gam200\gam200_jslc\gam200_jslc\x64\debug\gam200_jslc.tlog\cl.command.1.tlog
c:\users\minyo\desktop\digipen_arc\gam200\gam200_jslc\gam200_jslc\x64\debug\gam200_jslc.tlog\cl.items.tlog
c:\users\minyo\desktop\digipen_arc\gam200\gam200_jslc\gam200_jslc\x64\debug\gam200_jslc.tlog\cl.read.1.tlog
c:\users\minyo\desktop\digipen_arc\gam200\gam200_jslc\gam200_jslc\x64\debug\gam200_jslc.tlog\cl.write.1.tlog
c:\users\minyo\desktop\digipen_arc\gam200\gam200_jslc\gam200_jslc\x64\debug\gam200_jslc.tlog\gam200_jslc.write.1u.tlog
c:\users\minyo\desktop\digipen_arc\gam200\gam200_jslc\gam200_jslc\x64\debug\gam200_jslc.tlog\link.command.1.tlog
c:\users\minyo\desktop\digipen_arc\gam200\gam200_jslc\gam200_jslc\x64\debug\gam200_jslc.tlog\link.read.1.tlog
c:\users\minyo\desktop\digipen_arc\gam200\gam200_jslc\gam200_jslc\x64\debug\gam200_jslc.tlog\link.secondary.1.tlog
c:\users\minyo\desktop\digipen_arc\gam200\gam200_jslc\gam200_jslc\x64\debug\gam200_jslc.tlog\link.write.1.tlog
